2025-09-13 20:08:22.132 WARNING (SyncWorker_0) [homeassistant.loader] We found a custom integration growatt_local which has not been tested by Home Assistant. This component might cause stability problems, be sure to disable it if you experience issues with Home Assistant
2025-09-13 20:08:26.768 INFO (MainThread) [homeassistant.setup] Setting up system_log
2025-09-13 20:08:26.777 WARNING (MainThread) [aiohttp_fast_zlib] zlib_ng and isal are not available, falling back to zlib, performance will be degraded.
2025-09-13 20:08:26.883 INFO (MainThread) [homeassistant.setup] Setup of domain http took 0.12 seconds
2025-09-13 20:08:26.883 INFO (MainThread) [homeassistant.setup] Setup of domain logger took 0.12 seconds
2025-09-13 20:08:26.883 INFO (MainThread) [homeassistant.setup] Setup of domain system_log took 0.12 seconds
2025-09-13 20:08:26.883 INFO (MainThread) [homeassistant.setup] Setting up websocket_api
2025-09-13 20:08:26.884 INFO (MainThread) [homeassistant.setup] Setup of domain websocket_api took 0.00 seconds
2025-09-13 20:08:26.884 INFO (MainThread) [homeassistant.setup] Setting up network
2025-09-13 20:08:26.885 INFO (MainThread) [homeassistant.setup] Setup of domain network took 0.00 seconds
2025-09-13 20:08:26.885 INFO (MainThread) [homeassistant.bootstrap] Setting up stage frontend: {'frontend'}; already set up: {}
Dependencies: {'auth', 'file_upload', 'lovelace', 'search', 'config', 'device_automation', 'api', 'diagnostics', 'onboarding', 'repairs'}; already set up: {'system_log', 'http', 'websocket_api'}
2025-09-13 20:08:26.885 INFO (MainThread) [homeassistant.setup] Setting up auth
2025-09-13 20:08:26.886 INFO (MainThread) [homeassistant.setup] Setup of domain auth took 0.00 seconds
2025-09-13 20:08:26.887 INFO (MainThread) [homeassistant.setup] Setting up file_upload
2025-09-13 20:08:26.887 INFO (MainThread) [homeassistant.setup] Setup of domain file_upload took 0.00 seconds
2025-09-13 20:08:26.887 INFO (MainThread) [homeassistant.setup] Setting up onboarding
2025-09-13 20:08:26.887 INFO (MainThread) [homeassistant.setup] Setup of domain onboarding took 0.00 seconds
2025-09-13 20:08:26.887 INFO (MainThread) [homeassistant.setup] Setting up lovelace
2025-09-13 20:08:26.888 INFO (MainThread) [homeassistant.setup] Setting up search
2025-09-13 20:08:26.888 INFO (MainThread) [homeassistant.setup] Setup of domain search took 0.00 seconds
2025-09-13 20:08:26.889 INFO (MainThread) [homeassistant.setup] Setting up config
2025-09-13 20:08:26.893 INFO (MainThread) [homeassistant.setup] Setup of domain config took 0.00 seconds
2025-09-13 20:08:26.893 INFO (MainThread) [homeassistant.setup] Setting up device_automation
2025-09-13 20:08:26.894 INFO (MainThread) [homeassistant.setup] Setup of domain device_automation took 0.00 seconds
2025-09-13 20:08:26.895 INFO (MainThread) [homeassistant.setup] Setting up api
2025-09-13 20:08:26.901 INFO (MainThread) [homeassistant.setup] Setup of domain api took 0.01 seconds
2025-09-13 20:08:26.902 INFO (MainThread) [homeassistant.setup] Setting up diagnostics
2025-09-13 20:08:26.903 INFO (MainThread) [homeassistant.setup] Setup of domain diagnostics took 0.00 seconds
2025-09-13 20:08:26.903 INFO (MainThread) [homeassistant.setup] Setting up repairs
2025-09-13 20:08:26.905 INFO (MainThread) [homeassistant.setup] Setup of domain repairs took 0.00 seconds
2025-09-13 20:08:26.909 INFO (MainThread) [homeassistant.setup] Setup of domain lovelace took 0.02 seconds
2025-09-13 20:08:26.910 INFO (SyncWorker_4) [homeassistant.util.package] Attempting install of home-assistant-frontend==20250903.5
2025-09-13 20:08:35.394 INFO (MainThread) [homeassistant.setup] Setting up frontend
2025-09-13 20:08:35.400 INFO (MainThread) [homeassistant.setup] Setup of domain frontend took 0.00 seconds
2025-09-13 20:08:35.400 INFO (MainThread) [homeassistant.bootstrap] Nothing to set up in stage recorder: {'recorder'}
2025-09-13 20:08:35.400 INFO (MainThread) [homeassistant.bootstrap] Nothing to set up in stage debugger: {'debugpy'}
2025-09-13 20:08:35.400 INFO (MainThread) [homeassistant.bootstrap] Nothing to set up in stage zeroconf: {'zeroconf'}
2025-09-13 20:08:35.400 INFO (MainThread) [homeassistant.bootstrap] Nothing to set up in stage 1: {'cloud', 'hassio', 'usb', 'mqtt_eventstream', 'bluetooth', 'ssdp', 'dhcp'}
2025-09-13 20:08:35.400 INFO (MainThread) [homeassistant.bootstrap] Setting up stage 2: {'shopping_list', 'radio_browser', 'timer', 'schedule', 'person', 'input_number', 'system_health', 'input_boolean', 'script', 'input_datetime', 'hardware', 'counter', 'analytics', 'automation', 'input_text', 'tag', 'zone', 'input_button', 'scene', 'backup', 'input_select', 'sun', 'application_credentials'}; already set up: {'frontend', 'network', 'logger'}
Dependencies: {'blueprint', 'image_upload', 'trace'}; already set up: {'auth', 'http', 'device_automation', 'websocket_api', 'api'}
2025-09-13 20:08:35.401 INFO (MainThread) [homeassistant.setup] Setting up scene
2025-09-13 20:08:35.403 INFO (MainThread) [homeassistant.setup] Setup of domain scene took 0.00 seconds
2025-09-13 20:08:35.403 INFO (MainThread) [homeassistant.setup] Setting up blueprint
2025-09-13 20:08:35.403 INFO (MainThread) [homeassistant.setup] Setup of domain blueprint took 0.00 seconds
2025-09-13 20:08:35.403 INFO (MainThread) [homeassistant.setup] Setting up trace
2025-09-13 20:08:35.403 INFO (MainThread) [homeassistant.setup] Setup of domain trace took 0.00 seconds
2025-09-13 20:08:35.404 INFO (MainThread) [homeassistant.setup] Setting up automation
2025-09-13 20:08:35.404 INFO (MainThread) [homeassistant.setup] Setup of domain automation took 0.00 seconds
2025-09-13 20:08:35.407 INFO (MainThread) [homeassistant.setup] Setting up image_upload
2025-09-13 20:08:35.409 INFO (MainThread) [homeassistant.setup] Setup of domain image_upload took 0.00 seconds
2025-09-13 20:08:35.409 INFO (MainThread) [homeassistant.setup] Setting up zone
2025-09-13 20:08:35.411 INFO (MainThread) [homeassistant.setup] Setup of domain zone took 0.00 seconds
2025-09-13 20:08:35.412 INFO (MainThread) [homeassistant.setup] Setting up person
2025-09-13 20:08:35.412 INFO (MainThread) [homeassistant.setup] Setting up input_number
2025-09-13 20:08:35.414 INFO (MainThread) [homeassistant.setup] Setup of domain input_number took 0.00 seconds
2025-09-13 20:08:35.415 INFO (MainThread) [homeassistant.setup] Setting up system_health
2025-09-13 20:08:35.415 INFO (MainThread) [homeassistant.setup] Setup of domain system_health took 0.00 seconds
2025-09-13 20:08:35.415 INFO (MainThread) [homeassistant.setup] Setting up backup
2025-09-13 20:08:35.416 INFO (MainThread) [homeassistant.setup] Setting up script
2025-09-13 20:08:35.416 INFO (MainThread) [homeassistant.setup] Setup of domain script took 0.00 seconds
2025-09-13 20:08:35.419 INFO (MainThread) [homeassistant.setup] Setup of domain person took 0.01 seconds
2025-09-13 20:08:35.420 INFO (MainThread) [homeassistant.components.http] Now listening on port 8123
2025-09-13 20:08:35.421 INFO (MainThread) [homeassistant.setup] Setup of domain http took 0.02 seconds
2025-09-13 20:08:35.422 INFO (MainThread) [homeassistant.setup] Setup of domain backup took 0.01 seconds
2025-09-13 20:08:35.424 INFO (MainThread) [homeassistant.components.scene] Setting up homeassistant.scene
2025-09-13 20:08:35.430 INFO (SyncWorker_2) [homeassistant.util.package] Attempting install of radios==0.3.2
2025-09-13 20:08:35.439 INFO (MainThread) [homeassistant.setup] Setting up shopping_list
2025-09-13 20:08:35.439 INFO (MainThread) [homeassistant.setup] Setup of domain shopping_list took 0.00 seconds
2025-09-13 20:08:35.443 INFO (MainThread) [homeassistant.setup] Setting up timer
2025-09-13 20:08:35.444 INFO (MainThread) [homeassistant.setup] Setup of domain timer took 0.00 seconds
2025-09-13 20:08:35.451 INFO (MainThread) [homeassistant.setup] Setting up schedule
2025-09-13 20:08:35.453 INFO (MainThread) [homeassistant.setup] Setup of domain schedule took 0.00 seconds
2025-09-13 20:08:35.458 INFO (MainThread) [homeassistant.setup] Setting up input_text
2025-09-13 20:08:35.459 INFO (MainThread) [homeassistant.setup] Setup of domain input_text took 0.00 seconds
2025-09-13 20:08:35.463 INFO (MainThread) [homeassistant.setup] Setting up tag
2025-09-13 20:08:35.464 INFO (MainThread) [homeassistant.setup] Setup of domain tag took 0.00 seconds
2025-09-13 20:08:35.469 INFO (MainThread) [homeassistant.setup] Setting up input_button
2025-09-13 20:08:35.470 INFO (MainThread) [homeassistant.setup] Setup of domain input_button took 0.00 seconds
2025-09-13 20:08:35.479 INFO (MainThread) [homeassistant.setup] Setting up input_select
2025-09-13 20:08:35.481 INFO (MainThread) [homeassistant.setup] Setup of domain input_select took 0.00 seconds
2025-09-13 20:08:35.483 INFO (MainThread) [homeassistant.setup] Setting up input_boolean
2025-09-13 20:08:35.484 INFO (MainThread) [homeassistant.setup] Setup of domain input_boolean took 0.00 seconds
2025-09-13 20:08:35.488 INFO (MainThread) [homeassistant.setup] Setting up application_credentials
2025-09-13 20:08:35.489 INFO (MainThread) [homeassistant.setup] Setup of domain application_credentials took 0.00 seconds
2025-09-13 20:08:35.492 INFO (MainThread) [homeassistant.setup] Setting up input_datetime
2025-09-13 20:08:35.498 INFO (MainThread) [homeassistant.setup] Setup of domain input_datetime took 0.01 seconds
2025-09-13 20:08:35.505 INFO (MainThread) [homeassistant.setup] Setting up hardware
2025-09-13 20:08:35.508 INFO (MainThread) [homeassistant.setup] Setting up sun
2025-09-13 20:08:35.508 INFO (MainThread) [homeassistant.setup] Setup of domain sun took 0.00 seconds
2025-09-13 20:08:35.511 INFO (MainThread) [homeassistant.setup] Setting up binary_sensor
2025-09-13 20:08:35.512 INFO (MainThread) [homeassistant.setup] Setup of domain binary_sensor took 0.00 seconds
2025-09-13 20:08:35.512 INFO (MainThread) [homeassistant.components.binary_sensor] Setting up sun.binary_sensor
2025-09-13 20:08:35.513 INFO (MainThread) [homeassistant.setup] Setting up sensor
2025-09-13 20:08:35.513 INFO (MainThread) [homeassistant.setup] Setup of domain sensor took 0.00 seconds
2025-09-13 20:08:35.514 INFO (MainThread) [homeassistant.components.sensor] Setting up sun.sensor
2025-09-13 20:08:35.519 INFO (MainThread) [homeassistant.setup] Setting up counter
2025-09-13 20:08:35.520 INFO (MainThread) [homeassistant.setup] Setup of domain counter took 0.00 seconds
2025-09-13 20:08:35.545 INFO (MainThread) [homeassistant.setup] Setup of domain hardware took 0.04 seconds
2025-09-13 20:08:35.554 INFO (MainThread) [homeassistant.setup] Setting up analytics
2025-09-13 20:08:35.556 INFO (MainThread) [homeassistant.setup] Setup of domain analytics took 0.00 seconds
2025-09-13 20:08:35.566 INFO (MainThread) [homeassistant.setup] Setting up todo
2025-09-13 20:08:35.570 INFO (MainThread) [homeassistant.setup] Setup of domain todo took 0.00 seconds
2025-09-13 20:08:35.570 INFO (MainThread) [homeassistant.components.todo] Setting up shopping_list.todo
2025-09-13 20:08:35.577 INFO (MainThread) [homeassistant.setup] Setting up event
2025-09-13 20:08:35.578 INFO (MainThread) [homeassistant.setup] Setup of domain event took 0.00 seconds
2025-09-13 20:08:35.578 INFO (MainThread) [homeassistant.components.event] Setting up backup.event
2025-09-13 20:08:35.579 INFO (MainThread) [homeassistant.components.sensor] Setting up backup.sensor
2025-09-13 20:08:37.042 INFO (MainThread) [homeassistant.setup] Setting up radio_browser
2025-09-13 20:08:37.042 INFO (MainThread) [homeassistant.setup] Setup of domain radio_browser took 0.00 seconds
2025-09-13 20:08:37.126 INFO (MainThread) [homeassistant.bootstrap] Home Assistant initialized in 14.99s
2025-09-13 20:08:37.126 INFO (MainThread) [homeassistant.core] Starting Home Assistant 2025.9.2
